0 info it worked if it ends with ok
1 verbose cli [ 'E:\\Installations\\workspace\\GitHub\\MedicalProfileV2\\node\\node',
1 verbose cli   'E:\\Installations\\workspace\\GitHub\\MedicalProfileV2\\node\\npm\\bin\\npm-cli.js',
1 verbose cli   'install',
1 verbose cli   '--color=false' ]
2 info using npm@1.4.3
3 info using node@v0.10.26
4 verbose node symlink E:\Installations\workspace\GitHub\MedicalProfileV2\node\node
5 error install Couldn't read dependencies
6 error package.json ENOENT, open 'E:\Installations\workspace\GitHub\MedicalProfileV2\package.json'
6 error package.json This is most likely not a problem with npm itself.
6 error package.json npm can't find a package.json file in your current directory.
7 error System Windows_NT 6.1.7601
8 error command "E:\\Installations\\workspace\\GitHub\\MedicalProfileV2\\node\\node" "E:\\Installations\\workspace\\GitHub\\MedicalProfileV2\\node\\npm\\bin\\npm-cli.js" "install" "--color=false"
9 error cwd E:\Installations\workspace\GitHub\MedicalProfileV2
10 error node -v v0.10.26
11 error npm -v 1.4.3
12 error path E:\Installations\workspace\GitHub\MedicalProfileV2\package.json
13 error code ENOPACKAGEJSON
14 error errno 34
15 verbose exit [ 34, true ]
